app/build/intermediates/manifest_merge_blame_file/debug/manifest-merger-blame-debug-report.txt
1<?xml version="1.0" encoding="utf-8"?>
2<manifest xmlns:android="http://schemas.android.com/apk/res/android"
3    package="com.example.rustmarketfyp"
4    android:versionCode="1"
5    android:versionName="1.0" >
6
7    <uses-sdk
8        android:minSdkVersion="24"
8-->src\main\AndroidManifest.xml
9        android:targetSdkVersion="33" />
9-->src\main\AndroidManifest.xml
10
11    <uses-permission android:name="android.permission.ACCESS_FINE_LOCATION" />
11-->src\main\AndroidManifest.xml:5:5-79
11-->src\main\AndroidManifest.xml:5:22-76
12    <uses-permission android:name="android.permission.READ_EXTERNAL_STORAGE" />
12-->src\main\AndroidManifest.xml:6:5-80
12-->src\main\AndroidManifest.xml:6:22-77
13    <uses-permission android:name="android.permission.WRITE_EXTERNAL_STORAGE" />
13-->src\main\AndroidManifest.xml:7:5-81
13-->src\main\AndroidManifest.xml:7:22-78
14    <uses-permission android:name="android.permission.INTERNET" /> <!-- Although the *SdkVersion is captured in gradle build files, this is required for non gradle builds -->
14-->[com.firebaseui:firebase-ui-database:3.2.2] AndroidManifest.xml:11:5-67
14-->[com.firebaseui:firebase-ui-database:3.2.2] AndroidManifest.xml:11:22-64
15    <!-- <uses-sdk android:minSdkVersion="14"/> -->
16    <uses-permission android:name="android.permission.ACCESS_NETWORK_STATE" />
16-->[com.google.firebase:firebase-database:20.2.2] AndroidManifest.xml:24:5-79
16-->[com.google.firebase:firebase-database:20.2.2] AndroidManifest.xml:24:22-76
17    <uses-permission android:name="android.permission.WAKE_LOCK" />
17-->[com.google.android.gms:play-services-measurement-api:21.1.1] AndroidManifest.xml:24:5-68
17-->[com.google.android.gms:play-services-measurement-api:21.1.1] AndroidManifest.xml:24:22-65
18    <uses-permission android:name="com.google.android.gms.permission.AD_ID" />
18-->[com.google.android.gms:play-services-measurement-api:21.1.1] AndroidManifest.xml:25:5-79
18-->[com.google.android.gms:play-services-measurement-api:21.1.1] AndroidManifest.xml:25:22-76
19    <uses-permission android:name="com.google.android.finsky.permission.BIND_GET_INSTALL_REFERRER_SERVICE" />
19-->[com.google.android.gms:play-services-measurement:21.1.1] AndroidManifest.xml:26:5-110
19-->[com.google.android.gms:play-services-measurement:21.1.1] AndroidManifest.xml:26:22-107
20
21    <permission
21-->[androidx.core:core:1.9.0] AndroidManifest.xml:22:5-24:47
22        android:name="com.example.rustmarketfyp.DYNAMIC_RECEIVER_NOT_EXPORTED_PERMISSION"
22-->[androidx.core:core:1.9.0] AndroidManifest.xml:23:9-81
23        android:protectionLevel="signature" />
23-->[androidx.core:core:1.9.0] AndroidManifest.xml:24:9-44
24
25    <uses-permission android:name="com.example.rustmarketfyp.DYNAMIC_RECEIVER_NOT_EXPORTED_PERMISSION" />
25-->[androidx.core:core:1.9.0] AndroidManifest.xml:26:5-97
25-->[androidx.core:core:1.9.0] AndroidManifest.xml:26:22-94
26
27    <application
27-->src\main\AndroidManifest.xml:9:5-115:19
28        android:allowBackup="true"
28-->src\main\AndroidManifest.xml:10:9-35
29        android:appComponentFactory="androidx.core.app.CoreComponentFactory"
29-->[androidx.core:core:1.9.0] AndroidManifest.xml:28:18-86
30        android:dataExtractionRules="@xml/data_extraction_rules"
30-->src\main\AndroidManifest.xml:11:9-65
31        android:debuggable="true"
32        android:extractNativeLibs="false"
33        android:fullBackupContent="@xml/backup_rules"
33-->src\main\AndroidManifest.xml:12:9-54
34        android:icon="@mipmap/ic_launcher"
34-->src\main\AndroidManifest.xml:13:9-43
35        android:label="@string/app_name"
35-->src\main\AndroidManifest.xml:14:9-41
36        android:supportsRtl="true"
36-->src\main\AndroidManifest.xml:15:9-35
37        android:testOnly="true"
38        android:theme="@style/Theme.RustMarketFYP" >
38-->src\main\AndroidManifest.xml:16:9-51
39        <activity
39-->src\main\AndroidManifest.xml:19:9-21:40
40            android:name="com.example.rustmarketfyp.Buyers.ImageAdapter"
40-->src\main\AndroidManifest.xml:20:13-48
41            android:exported="false" />
41-->src\main\AndroidManifest.xml:21:13-37
42        <activity
42-->src\main\AndroidManifest.xml:22:9-24:40
43            android:name="com.example.rustmarketfyp.Buyers.CatagoryActivity"
43-->src\main\AndroidManifest.xml:23:13-52
44            android:exported="false" />
44-->src\main\AndroidManifest.xml:24:13-37
45        <activity
45-->src\main\AndroidManifest.xml:25:9-27:40
46            android:name="com.example.rustmarketfyp.Buyers.fpx5"
46-->src\main\AndroidManifest.xml:26:13-40
47            android:exported="false" />
47-->src\main\AndroidManifest.xml:27:13-37
48        <activity
48-->src\main\AndroidManifest.xml:28:9-30:40
49            android:name="com.example.rustmarketfyp.Buyers.fpx4"
49-->src\main\AndroidManifest.xml:29:13-40
50            android:exported="false" />
50-->src\main\AndroidManifest.xml:30:13-37
51        <activity
51-->src\main\AndroidManifest.xml:31:9-33:40
52            android:name="com.example.rustmarketfyp.Buyers.fpx3"
52-->src\main\AndroidManifest.xml:32:13-40
53            android:exported="false" />
53-->src\main\AndroidManifest.xml:33:13-37
54        <activity
54-->src\main\AndroidManifest.xml:34:9-36:40
55            android:name="com.example.rustmarketfyp.Buyers.fpx2"
55-->src\main\AndroidManifest.xml:35:13-40
56            android:exported="false" />
56-->src\main\AndroidManifest.xml:36:13-37
57        <activity
57-->src\main\AndroidManifest.xml:37:9-39:40
58            android:name="com.example.rustmarketfyp.Buyers.fpx1"
58-->src\main\AndroidManifest.xml:38:13-40
59            android:exported="false" />
59-->src\main\AndroidManifest.xml:39:13-37
60        <activity
60-->src\main\AndroidManifest.xml:40:9-42:40
61            android:name="com.example.rustmarketfyp.Buyers.PaymentActivity"
61-->src\main\AndroidManifest.xml:41:13-51
62            android:exported="false" />
62-->src\main\AndroidManifest.xml:42:13-37
63        <activity
63-->src\main\AndroidManifest.xml:43:9-45:40
64            android:name="com.example.rustmarketfyp.Admin.AdminCheckNewProductsActivity"
64-->src\main\AndroidManifest.xml:44:13-64
65            android:exported="false" />
65-->src\main\AndroidManifest.xml:45:13-37
66        <activity
66-->src\main\AndroidManifest.xml:46:9-48:40
67            android:name="com.example.rustmarketfyp.Admin.AdminHomeActivity"
67-->src\main\AndroidManifest.xml:47:13-52
68            android:exported="false" />
68-->src\main\AndroidManifest.xml:48:13-37
69        <activity
69-->src\main\AndroidManifest.xml:49:9-52:66
70            android:name="com.example.rustmarketfyp.Sellers.SellerHomeActivity"
70-->src\main\AndroidManifest.xml:50:13-55
71            android:exported="false"
71-->src\main\AndroidManifest.xml:51:13-37
72            android:label="@string/title_activity_seller_home" />
72-->src\main\AndroidManifest.xml:52:13-63
73        <activity
73-->src\main\AndroidManifest.xml:53:9-55:40
74            android:name="com.example.rustmarketfyp.Sellers.SellerLoginActivity"
74-->src\main\AndroidManifest.xml:54:13-56
75            android:exported="false" />
75-->src\main\AndroidManifest.xml:55:13-37
76        <activity
76-->src\main\AndroidManifest.xml:56:9-58:40
77            android:name="com.example.rustmarketfyp.Sellers.SellerRegistrationActivity"
77-->src\main\AndroidManifest.xml:57:13-63
78            android:exported="false" />
78-->src\main\AndroidManifest.xml:58:13-37
79        <activity
79-->src\main\AndroidManifest.xml:59:9-61:40
80            android:name="com.example.rustmarketfyp.Buyers.ResetPasswordActivity"
80-->src\main\AndroidManifest.xml:60:13-57
81            android:exported="false" />
81-->src\main\AndroidManifest.xml:61:13-37
82        <activity
82-->src\main\AndroidManifest.xml:62:9-64:40
83            android:name="com.example.rustmarketfyp.Admin.AdminMaintainProductsActivity"
83-->src\main\AndroidManifest.xml:63:13-64
84            android:exported="false" />
84-->src\main\AndroidManifest.xml:64:13-37
85        <activity
85-->src\main\AndroidManifest.xml:65:9-67:40
86            android:name="com.example.rustmarketfyp.Buyers.SearchProductsActivity"
86-->src\main\AndroidManifest.xml:66:13-58
87            android:exported="false" />
87-->src\main\AndroidManifest.xml:67:13-37
88        <activity
88-->src\main\AndroidManifest.xml:68:9-70:40
89            android:name="com.example.rustmarketfyp.Admin.AdminUserProductsActivity"
89-->src\main\AndroidManifest.xml:69:13-60
90            android:exported="false" />
90-->src\main\AndroidManifest.xml:70:13-37
91        <activity
91-->src\main\AndroidManifest.xml:71:9-73:40
92            android:name="com.example.rustmarketfyp.Admin.AdminNewOrdersActivity"
92-->src\main\AndroidManifest.xml:72:13-57
93            android:exported="false" />
93-->src\main\AndroidManifest.xml:73:13-37
94        <activity
94-->src\main\AndroidManifest.xml:74:9-76:40
95            android:name="com.example.rustmarketfyp.Buyers.ConfirmFinalOrderActivity"
95-->src\main\AndroidManifest.xml:75:13-61
96            android:exported="false" />
96-->src\main\AndroidManifest.xml:76:13-37
97        <activity
97-->src\main\AndroidManifest.xml:77:9-79:40
98            android:name="com.example.rustmarketfyp.Buyers.CartActivity"
98-->src\main\AndroidManifest.xml:78:13-48
99            android:exported="false" />
99-->src\main\AndroidManifest.xml:79:13-37
100        <activity
100-->src\main\AndroidManifest.xml:80:9-82:40
101            android:name="com.example.rustmarketfyp.Buyers.ProductsDetailsActivity"
101-->src\main\AndroidManifest.xml:81:13-59
102            android:exported="false" />
102-->src\main\AndroidManifest.xml:82:13-37
103        <activity
103-->src\main\AndroidManifest.xml:83:9-85:40
104            android:name="com.example.rustmarketfyp.Buyers.SettinsActivity"
104-->src\main\AndroidManifest.xml:84:13-51
105            android:exported="false" />
105-->src\main\AndroidManifest.xml:85:13-37
106        <activity
106-->src\main\AndroidManifest.xml:86:9-90:70
107            android:name="com.example.rustmarketfyp.Buyers.HomeActivity"
107-->src\main\AndroidManifest.xml:87:13-48
108            android:exported="false"
108-->src\main\AndroidManifest.xml:88:13-37
109            android:label="@string/title_activity_home"
109-->src\main\AndroidManifest.xml:89:13-56
110            android:theme="@style/Theme.RustMarketFYP.NoActionBar" />
110-->src\main\AndroidManifest.xml:90:13-67
111        <activity
111-->src\main\AndroidManifest.xml:91:9-93:40
112            android:name="com.example.rustmarketfyp.Sellers.SellerProductCategoryActivity"
112-->src\main\AndroidManifest.xml:92:13-66
113            android:exported="false" />
113-->src\main\AndroidManifest.xml:93:13-37
114        <activity
114-->src\main\AndroidManifest.xml:94:9-96:40
115            android:name="com.example.rustmarketfyp.Sellers.SellerAddNewProductActivity"
115-->src\main\AndroidManifest.xml:95:13-64
116            android:exported="false" />
116-->src\main\AndroidManifest.xml:96:13-37
117        <activity
117-->src\main\AndroidManifest.xml:97:9-105:20
118            android:name="com.example.rustmarketfyp.Buyers.MainActivity"
118-->src\main\AndroidManifest.xml:98:13-48
119            android:exported="true" >
119-->src\main\AndroidManifest.xml:99:13-36
120            <intent-filter>
120-->src\main\AndroidManifest.xml:100:13-104:29
121                <action android:name="android.intent.action.MAIN" />
121-->src\main\AndroidManifest.xml:101:17-69
121-->src\main\AndroidManifest.xml:101:25-66
122
123                <category android:name="android.intent.category.LAUNCHER" />
123-->src\main\AndroidManifest.xml:103:17-77
123-->src\main\AndroidManifest.xml:103:27-74
124            </intent-filter>
125        </activity>
126        <activity
126-->src\main\AndroidManifest.xml:106:9-108:40
127            android:name="com.example.rustmarketfyp.Buyers.LoginActivity"
127-->src\main\AndroidManifest.xml:107:13-49
128            android:exported="false" />
128-->src\main\AndroidManifest.xml:108:13-37
129        <activity
129-->src\main\AndroidManifest.xml:109:9-111:40
130            android:name="com.example.rustmarketfyp.Buyers.RegisterActivity"
130-->src\main\AndroidManifest.xml:110:13-52
131            android:exported="false" />
131-->src\main\AndroidManifest.xml:111:13-37
132        <activity
132-->src\main\AndroidManifest.xml:112:9-114:59
133            android:name="com.theartofdev.edmodo.cropper.CropImageActivity"
133-->src\main\AndroidManifest.xml:113:13-76
134            android:theme="@style/Base.Theme.AppCompat" />
134-->src\main\AndroidManifest.xml:114:13-56
135
136        <service
136-->[com.google.firebase:firebase-database:20.2.2] AndroidManifest.xml:28:9-34:19
137            android:name="com.google.firebase.components.ComponentDiscoveryService"
137-->[com.google.firebase:firebase-database:20.2.2] AndroidManifest.xml:29:13-84
138            android:directBootAware="true"
138-->[com.google.firebase:firebase-common:20.3.2] AndroidManifest.xml:34:13-43
139            android:exported="false" >
139-->[com.google.firebase:firebase-database:20.2.2] AndroidManifest.xml:30:13-37
140            <meta-data
140-->[com.google.firebase:firebase-database:20.2.2] AndroidManifest.xml:31:13-33:85
141                android:name="com.google.firebase.components:com.google.firebase.database.DatabaseRegistrar"
141-->[com.google.firebase:firebase-database:20.2.2] AndroidManifest.xml:32:17-109
142                android:value="com.google.firebase.components.ComponentRegistrar" />
142-->[com.google.firebase:firebase-database:20.2.2] AndroidManifest.xml:33:17-82
143            <meta-data
143-->[com.google.firebase:firebase-auth:22.1.0] AndroidManifest.xml:69:13-71:85
144                android:name="com.google.firebase.components:com.google.firebase.auth.FirebaseAuthRegistrar"
144-->[com.google.firebase:firebase-auth:22.1.0] AndroidManifest.xml:70:17-109
145                android:value="com.google.firebase.components.ComponentRegistrar" />
145-->[com.google.firebase:firebase-auth:22.1.0] AndroidManifest.xml:71:17-82
146            <meta-data
146-->[com.google.firebase:firebase-storage:20.2.1] AndroidManifest.xml:32:13-34:85
147                android:name="com.google.firebase.components:com.google.firebase.storage.StorageRegistrar"
147-->[com.google.firebase:firebase-storage:20.2.1] AndroidManifest.xml:33:17-107
148                android:value="com.google.firebase.components.ComponentRegistrar" />
148-->[com.google.firebase:firebase-storage:20.2.1] AndroidManifest.xml:34:17-82
149            <meta-data
149-->[com.google.firebase:firebase-dynamic-links:19.1.1] AndroidManifest.xml:11:13-13:85
150                android:name="com.google.firebase.components:com.google.firebase.dynamiclinks.internal.FirebaseDynamicLinkRegistrar"
150-->[com.google.firebase:firebase-dynamic-links:19.1.1] AndroidManifest.xml:12:17-133
151                android:value="com.google.firebase.components.ComponentRegistrar" />
151-->[com.google.firebase:firebase-dynamic-links:19.1.1] AndroidManifest.xml:13:17-82
152            <meta-data
152-->[com.google.android.gms:play-services-measurement-api:21.1.1] AndroidManifest.xml:31:13-33:85
153                android:name="com.google.firebase.components:com.google.firebase.analytics.connector.internal.AnalyticsConnectorRegistrar"
153-->[com.google.android.gms:play-services-measurement-api:21.1.1] AndroidManifest.xml:32:17-139
154                android:value="com.google.firebase.components.ComponentRegistrar" />
154-->[com.google.android.gms:play-services-measurement-api:21.1.1] AndroidManifest.xml:33:17-82
155            <meta-data
155-->[com.google.firebase:firebase-installations:17.0.1] AndroidManifest.xml:18:13-20:85
156                android:name="com.google.firebase.components:com.google.firebase.installations.FirebaseInstallationsRegistrar"
156-->[com.google.firebase:firebase-installations:17.0.1] AndroidManifest.xml:19:17-127
157                android:value="com.google.firebase.components.ComponentRegistrar" />
157-->[com.google.firebase:firebase-installations:17.0.1] AndroidManifest.xml:20:17-82
158        </service>
159
160        <activity
160-->[com.google.firebase:firebase-auth:22.1.0] AndroidManifest.xml:29:9-46:20
161            android:name="com.google.firebase.auth.internal.GenericIdpActivity"
161-->[com.google.firebase:firebase-auth:22.1.0] AndroidManifest.xml:30:13-80
162            android:excludeFromRecents="true"
162-->[com.google.firebase:firebase-auth:22.1.0] AndroidManifest.xml:31:13-46
163            android:exported="true"
163-->[com.google.firebase:firebase-auth:22.1.0] AndroidManifest.xml:32:13-36
164            android:launchMode="singleTask"
164-->[com.google.firebase:firebase-auth:22.1.0] AndroidManifest.xml:33:13-44
165            android:theme="@android:style/Theme.Translucent.NoTitleBar" >
165-->[com.google.firebase:firebase-auth:22.1.0] AndroidManifest.xml:34:13-72
166            <intent-filter>
166-->[com.google.firebase:firebase-auth:22.1.0] AndroidManifest.xml:35:13-45:29
167                <action android:name="android.intent.action.VIEW" />
167-->[com.google.firebase:firebase-auth:22.1.0] AndroidManifest.xml:36:17-69
167-->[com.google.firebase:firebase-auth:22.1.0] AndroidManifest.xml:36:25-66
168
169                <category android:name="android.intent.category.DEFAULT" />
169-->[com.google.firebase:firebase-auth:22.1.0] AndroidManifest.xml:38:17-76
169-->[com.google.firebase:firebase-auth:22.1.0] AndroidManifest.xml:38:27-73
170                <category android:name="android.intent.category.BROWSABLE" />
170-->[com.google.firebase:firebase-auth:22.1.0] AndroidManifest.xml:39:17-78
170-->[com.google.firebase:firebase-auth:22.1.0] AndroidManifest.xml:39:27-75
171
172                <data
172-->[com.google.firebase:firebase-auth:22.1.0] AndroidManifest.xml:41:17-44:51
173                    android:host="firebase.auth"
173-->[com.google.firebase:firebase-auth:22.1.0] AndroidManifest.xml:42:21-49
174                    android:path="/"
174-->[com.google.firebase:firebase-auth:22.1.0] AndroidManifest.xml:43:21-37
175                    android:scheme="genericidp" />
175-->[com.google.firebase:firebase-auth:22.1.0] AndroidManifest.xml:44:21-48
176            </intent-filter>
177        </activity>
178        <activity
178-->[com.google.firebase:firebase-auth:22.1.0] AndroidManifest.xml:47:9-64:20
179            android:name="com.google.firebase.auth.internal.RecaptchaActivity"
179-->[com.google.firebase:firebase-auth:22.1.0] AndroidManifest.xml:48:13-79
180            android:excludeFromRecents="true"
180-->[com.google.firebase:firebase-auth:22.1.0] AndroidManifest.xml:49:13-46
181            android:exported="true"
181-->[com.google.firebase:firebase-auth:22.1.0] AndroidManifest.xml:50:13-36
182            android:launchMode="singleTask"
182-->[com.google.firebase:firebase-auth:22.1.0] AndroidManifest.xml:51:13-44
183            android:theme="@android:style/Theme.Translucent.NoTitleBar" >
183-->[com.google.firebase:firebase-auth:22.1.0] AndroidManifest.xml:52:13-72
184            <intent-filter>
184-->[com.google.firebase:firebase-auth:22.1.0] AndroidManifest.xml:53:13-63:29
185                <action android:name="android.intent.action.VIEW" />
185-->[com.google.firebase:firebase-auth:22.1.0] AndroidManifest.xml:36:17-69
185-->[com.google.firebase:firebase-auth:22.1.0] AndroidManifest.xml:36:25-66
186
187                <category android:name="android.intent.category.DEFAULT" />
187-->[com.google.firebase:firebase-auth:22.1.0] AndroidManifest.xml:38:17-76
187-->[com.google.firebase:firebase-auth:22.1.0] AndroidManifest.xml:38:27-73
188                <category android:name="android.intent.category.BROWSABLE" />
188-->[com.google.firebase:firebase-auth:22.1.0] AndroidManifest.xml:39:17-78
188-->[com.google.firebase:firebase-auth:22.1.0] AndroidManifest.xml:39:27-75
189
190                <data
190-->[com.google.firebase:firebase-auth:22.1.0] AndroidManifest.xml:41:17-44:51
191                    android:host="firebase.auth"
191-->[com.google.firebase:firebase-auth:22.1.0] AndroidManifest.xml:42:21-49
192                    android:path="/"
192-->[com.google.firebase:firebase-auth:22.1.0] AndroidManifest.xml:43:21-37
193                    android:scheme="recaptcha" />
193-->[com.google.firebase:firebase-auth:22.1.0] AndroidManifest.xml:44:21-48
194            </intent-filter>
195        </activity>
196
197        <provider
197-->[com.squareup.picasso:picasso:2.71828] AndroidManifest.xml:8:9-11:40
198            android:name="com.squareup.picasso.PicassoProvider"
198-->[com.squareup.picasso:picasso:2.71828] AndroidManifest.xml:9:13-64
199            android:authorities="com.example.rustmarketfyp.com.squareup.picasso"
199-->[com.squareup.picasso:picasso:2.71828] AndroidManifest.xml:10:13-72
200            android:exported="false" />
200-->[com.squareup.picasso:picasso:2.71828] AndroidManifest.xml:11:13-37
201
202        <activity
202-->[com.google.android.gms:play-services-appinvite:17.0.0] AndroidManifest.xml:25:9-34:20
203            android:name="com.google.android.gms.appinvite.PreviewActivity"
203-->[com.google.android.gms:play-services-appinvite:17.0.0] AndroidManifest.xml:26:13-76
204            android:exported="true"
204-->[com.google.android.gms:play-services-appinvite:17.0.0] AndroidManifest.xml:27:13-36
205            android:theme="@style/Theme.AppInvite.Preview" >
205-->[com.google.android.gms:play-services-appinvite:17.0.0] AndroidManifest.xml:28:13-59
206            <intent-filter>
206-->[com.google.android.gms:play-services-appinvite:17.0.0] AndroidManifest.xml:29:13-33:29
207                <action android:name="com.google.android.gms.appinvite.ACTION_PREVIEW" />
207-->[com.google.android.gms:play-services-appinvite:17.0.0] AndroidManifest.xml:30:17-90
207-->[com.google.android.gms:play-services-appinvite:17.0.0] AndroidManifest.xml:30:25-87
208
209                <category android:name="android.intent.category.DEFAULT" />
209-->[com.google.firebase:firebase-auth:22.1.0] AndroidManifest.xml:38:17-76
209-->[com.google.firebase:firebase-auth:22.1.0] AndroidManifest.xml:38:27-73
210            </intent-filter>
211        </activity>
212        <activity
212-->[com.google.android.gms:play-services-base:18.1.0] AndroidManifest.xml:20:9-22:45
213            android:name="com.google.android.gms.common.api.GoogleApiActivity"
213-->[com.google.android.gms:play-services-base:18.1.0] AndroidManifest.xml:20:19-85
214            android:exported="false"
214-->[com.google.android.gms:play-services-base:18.1.0] AndroidManifest.xml:22:19-43
215            android:theme="@android:style/Theme.Translucent.NoTitleBar" />
215-->[com.google.android.gms:play-services-base:18.1.0] AndroidManifest.xml:21:19-78
216
217        <provider
217-->[com.google.firebase:firebase-common:20.3.2] AndroidManifest.xml:25:9-30:39
218            android:name="com.google.firebase.provider.FirebaseInitProvider"
218-->[com.google.firebase:firebase-common:20.3.2] AndroidManifest.xml:26:13-77
219            android:authorities="com.example.rustmarketfyp.firebaseinitprovider"
219-->[com.google.firebase:firebase-common:20.3.2] AndroidManifest.xml:27:13-72
220            android:directBootAware="true"
220-->[com.google.firebase:firebase-common:20.3.2] AndroidManifest.xml:28:13-43
221            android:exported="false"
221-->[com.google.firebase:firebase-common:20.3.2] AndroidManifest.xml:29:13-37
222            android:initOrder="100" />
222-->[com.google.firebase:firebase-common:20.3.2] AndroidManifest.xml:30:13-36
223        <provider
223-->[androidx.emoji2:emoji2:1.2.0] AndroidManifest.xml:24:9-32:20
224            android:name="androidx.startup.InitializationProvider"
224-->[androidx.emoji2:emoji2:1.2.0] AndroidManifest.xml:25:13-67
225            android:authorities="com.example.rustmarketfyp.androidx-startup"
225-->[androidx.emoji2:emoji2:1.2.0] AndroidManifest.xml:26:13-68
226            android:exported="false" >
226-->[androidx.emoji2:emoji2:1.2.0] AndroidManifest.xml:27:13-37
227            <meta-data
227-->[androidx.emoji2:emoji2:1.2.0] AndroidManifest.xml:29:13-31:52
228                android:name="androidx.emoji2.text.EmojiCompatInitializer"
228-->[androidx.emoji2:emoji2:1.2.0] AndroidManifest.xml:30:17-75
229                android:value="androidx.startup" />
229-->[androidx.emoji2:emoji2:1.2.0] AndroidManifest.xml:31:17-49
230            <meta-data
230-->[androidx.lifecycle:lifecycle-process:2.6.0] AndroidManifest.xml:29:13-31:52
231                android:name="androidx.lifecycle.ProcessLifecycleInitializer"
231-->[androidx.lifecycle:lifecycle-process:2.6.0] AndroidManifest.xml:30:17-78
232                android:value="androidx.startup" />
232-->[androidx.lifecycle:lifecycle-process:2.6.0] AndroidManifest.xml:31:17-49
233            <meta-data
233-->[androidx.profileinstaller:profileinstaller:1.2.1] AndroidManifest.xml:30:13-32:52
234                android:name="androidx.profileinstaller.ProfileInstallerInitializer"
234-->[androidx.profileinstaller:profileinstaller:1.2.1] AndroidManifest.xml:31:17-85
235                android:value="androidx.startup" />
235-->[androidx.profileinstaller:profileinstaller:1.2.1] AndroidManifest.xml:32:17-49
236        </provider>
237
238        <receiver
238-->[com.google.android.gms:play-services-measurement:21.1.1] AndroidManifest.xml:29:9-33:20
239            android:name="com.google.android.gms.measurement.AppMeasurementReceiver"
239-->[com.google.android.gms:play-services-measurement:21.1.1] AndroidManifest.xml:30:13-85
240            android:enabled="true"
240-->[com.google.android.gms:play-services-measurement:21.1.1] AndroidManifest.xml:31:13-35
241            android:exported="false" >
241-->[com.google.android.gms:play-services-measurement:21.1.1] AndroidManifest.xml:32:13-37
242        </receiver>
243
244        <service
244-->[com.google.android.gms:play-services-measurement:21.1.1] AndroidManifest.xml:35:9-38:40
245            android:name="com.google.android.gms.measurement.AppMeasurementService"
245-->[com.google.android.gms:play-services-measurement:21.1.1] AndroidManifest.xml:36:13-84
246            android:enabled="true"
246-->[com.google.android.gms:play-services-measurement:21.1.1] AndroidManifest.xml:37:13-35
247            android:exported="false" />
247-->[com.google.android.gms:play-services-measurement:21.1.1] AndroidManifest.xml:38:13-37
248        <service
248-->[com.google.android.gms:play-services-measurement:21.1.1] AndroidManifest.xml:39:9-43:72
249            android:name="com.google.android.gms.measurement.AppMeasurementJobService"
249-->[com.google.android.gms:play-services-measurement:21.1.1] AndroidManifest.xml:40:13-87
250            android:enabled="true"
250-->[com.google.android.gms:play-services-measurement:21.1.1] AndroidManifest.xml:41:13-35
251            android:exported="false"
251-->[com.google.android.gms:play-services-measurement:21.1.1] AndroidManifest.xml:42:13-37
252            android:permission="android.permission.BIND_JOB_SERVICE" />
252-->[com.google.android.gms:play-services-measurement:21.1.1] AndroidManifest.xml:43:13-69
253
254        <uses-library
254-->[androidx.window:window:1.0.0] AndroidManifest.xml:25:9-27:40
255            android:name="androidx.window.extensions"
255-->[androidx.window:window:1.0.0] AndroidManifest.xml:26:13-54
256            android:required="false" />
256-->[androidx.window:window:1.0.0] AndroidManifest.xml:27:13-37
257        <uses-library
257-->[androidx.window:window:1.0.0] AndroidManifest.xml:28:9-30:40
258            android:name="androidx.window.sidecar"
258-->[androidx.window:window:1.0.0] AndroidManifest.xml:29:13-51
259            android:required="false" />
259-->[androidx.window:window:1.0.0] AndroidManifest.xml:30:13-37
260
261        <meta-data
261-->[com.google.android.gms:play-services-basement:18.1.0] AndroidManifest.xml:21:9-23:69
262            android:name="com.google.android.gms.version"
262-->[com.google.android.gms:play-services-basement:18.1.0] AndroidManifest.xml:22:13-58
263            android:value="@integer/google_play_services_version" />
263-->[com.google.android.gms:play-services-basement:18.1.0] AndroidManifest.xml:23:13-66
264
265        <receiver
265-->[androidx.profileinstaller:profileinstaller:1.2.1] AndroidManifest.xml:35:9-47:20
266            android:name="androidx.profileinstaller.ProfileInstallReceiver"
266-->[androidx.profileinstaller:profileinstaller:1.2.1] AndroidManifest.xml:36:13-76
267            android:directBootAware="false"
267-->[androidx.profileinstaller:profileinstaller:1.2.1] AndroidManifest.xml:37:13-44
268            android:enabled="true"
268-->[androidx.profileinstaller:profileinstaller:1.2.1] AndroidManifest.xml:38:13-35
269            android:exported="true"
269-->[androidx.profileinstaller:profileinstaller:1.2.1] AndroidManifest.xml:39:13-36
270            android:permission="android.permission.DUMP" >
270-->[androidx.profileinstaller:profileinstaller:1.2.1] AndroidManifest.xml:40:13-57
271            <intent-filter>
271-->[androidx.profileinstaller:profileinstaller:1.2.1] AndroidManifest.xml:41:13-43:29
272                <action android:name="androidx.profileinstaller.action.INSTALL_PROFILE" />
272-->[androidx.profileinstaller:profileinstaller:1.2.1] AndroidManifest.xml:42:17-91
272-->[androidx.profileinstaller:profileinstaller:1.2.1] AndroidManifest.xml:42:25-88
273            </intent-filter>
274            <intent-filter>
274-->[androidx.profileinstaller:profileinstaller:1.2.1] AndroidManifest.xml:44:13-46:29
275                <action android:name="androidx.profileinstaller.action.SKIP_FILE" />
275-->[androidx.profileinstaller:profileinstaller:1.2.1] AndroidManifest.xml:45:17-85
275-->[androidx.profileinstaller:profileinstaller:1.2.1] AndroidManifest.xml:45:25-82
276            </intent-filter>
277        </receiver>
278    </application>
279